<?xml version="1.0" encoding="UTF-8"?>
<!-- Generated by org.testng.reporters.JUnitReportReporter -->
<testsuite hostname="Dineshs-MBP" failures="0" tests="2" name="com.online.mobile.Mobilerealme" time="6.484" errors="0" timestamp="09 Nov 2022 18:33:48 GMT" skipped="0">
  <testcase classname="com.online.mobile.Mobilerealme" name="mob2" time="2.003"/>
  <testcase classname="com.online.mobile.Mobilerealme" name="mob1" time="4.481"/>
</testsuite> <!-- com.online.mobile.Mobilerealme -->
